<?xml version="1.0" encoding="UTF-8"?>
<!-- Generated by org.testng.reporters.JUnitReportReporter -->
<testsuite hostname="LAPTOP-DM7CRT84" failures="0" tests="1" name="KiteTest.TC_002" time="8.902" errors="0" timestamp="2022-07-29T22:05:24 IST" skipped="0">
  <testcase classname="KiteTest.TC_002" name="fundsWindowValidation" time="8.902"/>
  <system-out/>
</testsuite> <!-- KiteTest.TC_002 -->
