<?xml version="1.0" encoding="UTF-8"?>
<!-- Generated by org.testng.reporters.JUnitReportReporter -->
<testsuite hostname="LAPTOP-DM7CRT84" failures="0" tests="1" name="KiteTest.TC_003" time="6.690" errors="0" timestamp="2022-08-04T10:26:41 IST" skipped="0">
  <testcase classname="KiteTest.TC_003" name="fundsWithdrawalValidation" time="6.690"/>
  <system-out/>
</testsuite> <!-- KiteTest.TC_003 -->
